<?xml version="1.0" encoding="UTF-8"?>
<!-- Generated by org.testng.reporters.JUnitReportReporter -->
<testsuite hostname="Balaji-PC" failures="0" tests="4" name="runner.TestRunner" time="23.100" errors="0" timestamp="2023-03-19T11:27:07 IST" skipped="0">
  <testcase classname="runner.TestRunner" name="runScenario" time="7.589"/>
  <system-out/>
  <testcase classname="runner.TestRunner" name="runScenario" time="5.086"/>
  <system-out/>
  <testcase classname="runner.TestRunner" name="runScenario" time="5.154"/>
  <system-out/>
  <testcase classname="runner.TestRunner" name="runScenario" time="5.271"/>
  <system-out/>
</testsuite> <!-- runner.TestRunner -->
